<?xml version="1.0" encoding="UTF-8"?>
<!-- Generated by org.testng.reporters.JUnitReportReporter -->
<testsuite hostname="DESKTOP-N3LRL61" failures="0" tests="3" name="com.qa.opencart.test.RegisterPageTest" time="3.196" errors="0" timestamp="2023-10-13T08:53:00 IST" skipped="0">
  <testcase classname="com.qa.opencart.test.RegisterPageTest" name="EnterRegistrationTest" time="3.106"/>
  <system-out/>
  <testcase classname="com.qa.opencart.test.RegisterPageTest" name="AccountCreationVerificationTest" time="0.051"/>
  <system-out/>
  <testcase classname="com.qa.opencart.test.RegisterPageTest" name="VerifyLinksTest" time="0.039"/>
  <system-out/>
</testsuite> <!-- com.qa.opencart.test.RegisterPageTest -->
