<?xml version="1.0" encoding="UTF-8"?>
<!-- Generated by org.testng.reporters.JUnitReportReporter -->
<testsuite hostname="DESKTOP-N3LRL61" failures="0" tests="4" name="com.qa.opencart.test.LoginPageTest" time="4.036" errors="0" timestamp="2023-10-13T08:53:00 IST" skipped="0">
  <testcase classname="com.qa.opencart.test.LoginPageTest" name="LoginPageTitleTest" time="2.123"/>
  <system-out/>
  <testcase classname="com.qa.opencart.test.LoginPageTest" name="LoginPageUrlTest" time="0.010"/>
  <system-out/>
  <testcase classname="com.qa.opencart.test.LoginPageTest" name="forgotlinkTest" time="0.032"/>
  <system-out/>
  <testcase classname="com.qa.opencart.test.LoginPageTest" name="logiActionTest" time="1.871"/>
  <system-out/>
</testsuite> <!-- com.qa.opencart.test.LoginPageTest -->
