<?xml version="1.0" encoding="UTF-8"?>
<!-- Generated by org.testng.reporters.JUnitReportReporter -->
<testsuite hostname="DESKTOP-N3LRL61" failures="0" tests="8" name="com.qa.opencart.test.HomePageTest" time="2.929" errors="0" timestamp="2023-10-13T08:53:00 IST" skipped="0">
  <testcase classname="com.qa.opencart.test.HomePageTest" name="HomepagetitleTest" time="0.082"/>
  <system-out/>
  <testcase classname="com.qa.opencart.test.HomePageTest" name="HomepageurlTest" time="0.004"/>
  <system-out/>
  <testcase classname="com.qa.opencart.test.HomePageTest" name="HomePageProductsTest" time="0.067"/>
  <system-out/>
  <testcase classname="com.qa.opencart.test.HomePageTest" name="navigateToLoginPage" time="0.015"/>
  <system-out/>
  <testcase classname="com.qa.opencart.test.HomePageTest" name="validateFooterHyperLinkTest" time="0.035"/>
  <system-out/>
  <testcase classname="com.qa.opencart.test.HomePageTest" name="HomepouctTest" time="0.849"/>
  <system-out/>
  <testcase classname="com.qa.opencart.test.HomePageTest" name="HomepouctTest" time="0.991"/>
  <system-out/>
  <testcase classname="com.qa.opencart.test.HomePageTest" name="HomepouctTest" time="0.886"/>
  <system-out/>
</testsuite> <!-- com.qa.opencart.test.HomePageTest -->
