<?xml version="1.0" encoding="UTF-8"?>
<!-- Generated by org.testng.reporters.JUnitReportReporter -->
<testsuite hostname="DESKTOP-N3LRL61" failures="0" tests="4" name="com.qa.opencart.test.AddToCartPageTest" time="2.823" errors="0" timestamp="2023-10-13T08:53:00 IST" skipped="0">
  <testcase classname="com.qa.opencart.test.AddToCartPageTest" name="getOrderDetailsTest" time="0.878"/>
  <system-out/>
  <testcase classname="com.qa.opencart.test.AddToCartPageTest" name="click_on_addtocart_Test" time="1.484"/>
  <system-out/>
  <testcase classname="com.qa.opencart.test.AddToCartPageTest" name="getOrderDataTest" time="0.196"/>
  <system-out/>
  <testcase classname="com.qa.opencart.test.AddToCartPageTest" name="ClickonRemoveTest" time="0.265"/>
  <system-out/>
</testsuite> <!-- com.qa.opencart.test.AddToCartPageTest -->
