<?xml version="1.0" encoding="UTF-8"?>
<!-- Generated by org.testng.reporters.JUnitReportReporter -->
<testsuite hostname="DESKTOP-N3LRL61" failures="0" tests="4" name="com.qa.opencart.test.AddToCartPageTest" time="3.509" errors="0" timestamp="2023-10-13T10:48:23 IST" skipped="0">
  <testcase classname="com.qa.opencart.test.AddToCartPageTest" name="getOrderDetailsTest" time="0.960"/>
  <system-out/>
  <testcase classname="com.qa.opencart.test.AddToCartPageTest" name="click_on_addtocart_Test" time="1.948"/>
  <system-out/>
  <testcase classname="com.qa.opencart.test.AddToCartPageTest" name="getOrderDataTest" time="0.181"/>
  <system-out/>
  <testcase classname="com.qa.opencart.test.AddToCartPageTest" name="ClickonRemoveTest" time="0.420"/>
  <system-out/>
</testsuite> <!-- com.qa.opencart.test.AddToCartPageTest -->
