<?xml version="1.0" encoding="UTF-8"?>
<!-- Generated by org.testng.reporters.JUnitReportReporter -->
<testsuite hostname="DESKTOP-N3LRL61" failures="0" tests="8" name="com.qa.opencart.test.HomePageTest" time="2.979" errors="0" timestamp="2023-10-13T10:48:23 IST" skipped="0">
  <testcase classname="com.qa.opencart.test.HomePageTest" name="HomepagetitleTest" time="0.262"/>
  <system-out/>
  <testcase classname="com.qa.opencart.test.HomePageTest" name="HomepageurlTest" time="0.016"/>
  <system-out/>
  <testcase classname="com.qa.opencart.test.HomePageTest" name="HomePageProductsTest" time="0.069"/>
  <system-out/>
  <testcase classname="com.qa.opencart.test.HomePageTest" name="navigateToLoginPage" time="0.015"/>
  <system-out/>
  <testcase classname="com.qa.opencart.test.HomePageTest" name="validateFooterHyperLinkTest" time="0.038"/>
  <system-out/>
  <testcase classname="com.qa.opencart.test.HomePageTest" name="HomepouctTest" time="0.815"/>
  <system-out/>
  <testcase classname="com.qa.opencart.test.HomePageTest" name="HomepouctTest" time="0.808"/>
  <system-out/>
  <testcase classname="com.qa.opencart.test.HomePageTest" name="HomepouctTest" time="0.956"/>
  <system-out/>
</testsuite> <!-- com.qa.opencart.test.HomePageTest -->
