<?xml version="1.0" encoding="UTF-8"?>
<!-- Generated by org.testng.reporters.JUnitReportReporter -->
<testsuite hostname="DESKTOP-N3LRL61" failures="0" tests="3" name="com.qa.opencart.test.RegisterPageTest" time="3.257" errors="0" timestamp="2023-10-13T10:48:23 IST" skipped="0">
  <testcase classname="com.qa.opencart.test.RegisterPageTest" name="EnterRegistrationTest" time="3.151"/>
  <system-out/>
  <testcase classname="com.qa.opencart.test.RegisterPageTest" name="AccountCreationVerificationTest" time="0.057"/>
  <system-out/>
  <testcase classname="com.qa.opencart.test.RegisterPageTest" name="VerifyLinksTest" time="0.049"/>
  <system-out/>
</testsuite> <!-- com.qa.opencart.test.RegisterPageTest -->
